<?xml version="1.0" encoding="UTF-8"?>
<!-- Generated by org.testng.reporters.JUnitXMLReporter -->
<testsuite hostname="DESKTOP-0H65ON5" ignored="0" name="Command line test" tests="3" failures="0" timestamp="27 Nov 2020 06:44:12 GMT" time="0.052" errors="0">
  <testcase name="negativeTest" time="0.016" classname="com.agt.test.LoginTest"/>
  <testcase name="positiveLoginTest" time="0.0" classname="com.agt.test.LoginTest"/>
  <testcase name="skipTest" time="0.001" classname="com.agt.test.LoginTest"/>
</testsuite> <!-- Command line test -->
