<?xml version="1.0" encoding="UTF-8"?>
<!-- Generated by org.testng.reporters.JUnitXMLReporter -->
<testsuite hostname="DESKTOP-0H65ON5" ignored="0" name="Command line test" tests="4" failures="1" timestamp="23 Nov 2020 14:29:59 GMT" time="0.047" errors="0">
  <testcase name="failedTest" time="0.012" classname="com.agt.test.LoginTest">
    <failure type="java.lang.AssertionError" message="expected [true] but found [false]">
      <![CDATA[java.lang.AssertionError: expected [true] but found [false]
at com.agt.test.LoginTest.failedTest(LoginTest.java:22)
... Removed 38 stack frames]]>
    </failure>
  </testcase> <!-- failedTest -->
  <testcase name="negativeTest" time="0.0" classname="com.agt.test.LoginTest"/>
  <testcase name="positiveLoginTest" time="0.0" classname="com.agt.test.LoginTest"/>
  <testcase name="skipTest" time="0.0" classname="com.agt.test.LoginTest"/>
</testsuite> <!-- Command line test -->
