<?xml version="1.0" encoding="UTF-8"?>
<testng-results skipped="0" failed="0" ignored="0" total="3" passed="3">
  <reporter-output>
  </reporter-output>
  <suite name="com.agt.test.LoginTest" duration-ms="52" started-at="2020-11-27T06:44:12Z" finished-at="2020-11-27T06:44:12Z">
    <groups>
    </groups>
    <test name="Command line test" duration-ms="52" started-at="2020-11-27T06:44:12Z" finished-at="2020-11-27T06:44:12Z">
      <class name="com.agt.test.LoginTest">
        <test-method status="PASS" signature="negativeTest()[pri:0, instance:com.agt.test.LoginTest@3cb5cdba]" name="negativeTest" duration-ms="16" started-at="2020-11-27T06:44:12Z" finished-at="2020-11-27T06:44:12Z">
          <reporter-output>
          </reporter-output>
        </test-method> <!-- negativeTest -->
        <test-method status="PASS" signature="positiveLoginTest()[pri:0, instance:com.agt.test.LoginTest@3cb5cdba]" name="positiveLoginTest" duration-ms="0" started-at="2020-11-27T06:44:12Z" finished-at="2020-11-27T06:44:12Z">
          <reporter-output>
          </reporter-output>
        </test-method> <!-- positiveLoginTest -->
        <test-method status="PASS" signature="skipTest()[pri:0, instance:com.agt.test.LoginTest@3cb5cdba]" name="skipTest" duration-ms="1" started-at="2020-11-27T06:44:12Z" finished-at="2020-11-27T06:44:12Z">
          <reporter-output>
          </reporter-output>
        </test-method> <!-- skipTest -->
      </class> <!-- com.agt.test.LoginTest -->
    </test> <!-- Command line test -->
  </suite> <!-- com.agt.test.LoginTest -->
</testng-results>
